1660290385932	geckodriver	INFO	Listening on 127.0.0.1:52867
1660290389773	mozrunner::runner	INFO	Running command: "C:\\Program Files\\Mozilla Firefox\\firefox.exe" "--marionette" "--disable-blink-features=AutomationControlled" "--ignore-certificate-errors" "ignore-ssl-errors" "--remote-debugging-port" "52868" "--remote-allow-hosts" "localhost" "-no-remote" "-profile" "C:\\Users\\sinxdell\\AppData\\Local\\Temp\\rust_mozprofilefEaBaH"
1660290398840	Marionette	INFO	Marionette enabled
1660290398852	Marionette	INFO	Listening on port 52880
WebDriver BiDi listening on ws://localhost:52868
Read port: 52880
1660290399751	RemoteAgent	WARN	TLS certificate errors will be ignored for this session
console.error: Region.jsm: "Error fetching region" (new Error("TIMEOUT", "resource://gre/modules/Region.jsm", 769))
console.error: Region.jsm: "Failed to fetch region" (new Error("TIMEOUT", "resource://gre/modules/Region.jsm", 421))
console.warn: SearchSettings: "get: No settings file exists, new profile?" (new NotFoundError("Could not open the file at C:\\Users\\sinxdell\\AppData\\Local\\Temp\\rust_mozprofilefEaBaH\\search.json.mozlz4", (void 0)))
DevTools listening on ws://localhost:52868/devtools/browser/26d9233b-3b38-4111-9a8f-01f9843bf373
JavaScript error: resource://gre/modules/URIFixup.jsm, line 278: NS_ERROR_FAILURE: Should pass a non-null uri
console.warn: LoginRecipes: "getRecipes: falling back to a synchronous message for:" "https://www.jscache.com"
console.warn: LoginRecipes: "getRecipes: falling back to a synchronous message for:" "https://www.jscache.com"
console.warn: LoginRecipes: "getRecipes: falling back to a synchronous message for:" "https://www.jscache.com"
JavaScript error: https://55816fc2fa4b2e9e6a6b1f54003f4957.safeframe.googlesyndication.com/safeframe/1-0-38/html/container.html, line 30: SyntaxError: "" string literal contains an unescaped line break
console.warn: LoginRecipes: "getRecipes: falling back to a synchronous message for:" "https://tr.snapchat.com"
JavaScript warning: https://pagead2.googlesyndication.com/bg/dJtiYfEJEI0hyw5wQ_g_8NlKRsHdja2JZeZ5T9NF0jg.js line 2 > eval line 75 > eval line 1 > eval line 1 > eval, line 1: WEBGL_debug_renderer_info is deprecated in Firefox and will be removed. Please use RENDERER.
JavaScript error: https://eus.rubiconproject.com/usync.js, line 4: SecurityError: The operation is insecure.
1660290457482	Marionette	INFO	Stopped listening on port 52880
JavaScript error: , line 0: TypeError: NetworkError when attempting to fetch resource.
JavaScript error: , line 0: TypeError: NetworkError when attempting to fetch resource.
JavaScript error: , line 0: TypeError: NetworkError when attempting to fetch resource.
console.warn: TopSitesFeed: Failed to fetch data from Contile server: NetworkError when attempting to fetch resource.
*** UTM:SVC TimerManager:registerTimer called after profile-before-change notification. Ignoring timer registration for id: telemetry_modules_ping
*** UTM:SVC TimerManager:registerTimer called after profile-before-change notification. Ignoring timer registration for id: telemetry_untrustedmodules_ping
1660290460273	geckodriver	INFO	Listening on 127.0.0.1:56303
1660290463385	mozrunner::runner	INFO	Running command: "C:\\Program Files\\Mozilla Firefox\\firefox.exe" "--marionette" "--disable-blink-features=AutomationControlled" "--ignore-certificate-errors" "ignore-ssl-errors" "--remote-debugging-port" "56304" "--remote-allow-hosts" "localhost" "-no-remote" "-profile" "C:\\Users\\sinxdell\\AppData\\Local\\Temp\\rust_mozprofileobSdw3"
1660290464206	Marionette	INFO	Marionette enabled
1660290464210	Marionette	INFO	Listening on port 56314
WebDriver BiDi listening on ws://localhost:56304
Read port: 56314
1660290464759	RemoteAgent	WARN	TLS certificate errors will be ignored for this session
console.warn: SearchSettings: "get: No settings file exists, new profile?" (new NotFoundError("Could not open the file at C:\\Users\\sinxdell\\AppData\\Local\\Temp\\rust_mozprofileobSdw3\\search.json.mozlz4", (void 0)))
DevTools listening on ws://localhost:56304/devtools/browser/b8f02324-1a54-41bb-ba27-7d1b6997a595
JavaScript error: resource://gre/modules/URIFixup.jsm, line 278: NS_ERROR_FAILURE: Should pass a non-null uri
console.warn: LoginRecipes: "getRecipes: falling back to a synchronous message for:" "https://www.jscache.com"
console.warn: LoginRecipes: "getRecipes: falling back to a synchronous message for:" "https://www.jscache.com"
console.warn: LoginRecipes: "getRecipes: falling back to a synchronous message for:" "https://www.jscache.com"
JavaScript error: , line 0: uncaught exception: undefined
console.warn: LoginRecipes: "getRecipes: falling back to a synchronous message for:" "https://www.jscache.com"
console.warn: LoginRecipes: "getRecipes: falling back to a synchronous message for:" "https://www.jscache.com"
console.warn: LoginRecipes: "getRecipes: falling back to a synchronous message for:" "https://www.jscache.com"
JavaScript error: https://eus.rubiconproject.com/usync.js, line 4: SecurityError: The operation is insecure.
console.warn: LoginRecipes: "getRecipes: falling back to a synchronous message for:" "https://tr.snapchat.com"
JavaScript warning: https://pagead2.googlesyndication.com/bg/dJtiYfEJEI0hyw5wQ_g_8NlKRsHdja2JZeZ5T9NF0jg.js line 2 > eval line 544 > eval line 1 > eval line 1 > eval, line 1: WEBGL_debug_renderer_info is deprecated in Firefox and will be removed. Please use RENDERER.
console.warn: LoginRecipes: "getRecipes: falling back to a synchronous message for:" "https://www.jscache.com"
JavaScript error: https://eus.rubiconproject.com/usync.js, line 4: SecurityError: The operation is insecure.
JavaScript warning: https://pagead2.googlesyndication.com/bg/dJtiYfEJEI0hyw5wQ_g_8NlKRsHdja2JZeZ5T9NF0jg.js line 2 > eval line 1818 > eval line 1 > eval line 1 > eval, line 1: WEBGL_debug_renderer_info is deprecated in Firefox and will be removed. Please use RENDERER.
console.warn: LoginRecipes: "getRecipes: falling back to a synchronous message for:" "https://www.jscache.com"
console.warn: LoginRecipes: "getRecipes: falling back to a synchronous message for:" "https://www.jscache.com"
console.warn: LoginRecipes: "getRecipes: falling back to a synchronous message for:" "https://www.jscache.com"
console.warn: LoginRecipes: "getRecipes: falling back to a synchronous message for:" "https://tr.snapchat.com"
console.warn: LoginRecipes: "getRecipes: falling back to a synchronous message for:" "https://www.jscache.com"
1660290712952	Marionette	INFO	Stopped listening on port 56314
console.warn: TopSitesFeed: Failed to fetch data from Contile server: NetworkError when attempting to fetch resource.
JavaScript error: , line 0: TypeError: NetworkError when attempting to fetch resource.
1660290715204	geckodriver	INFO	Listening on 127.0.0.1:57782
1660290718338	mozrunner::runner	INFO	Running command: "C:\\Program Files\\Mozilla Firefox\\firefox.exe" "--marionette" "--disable-blink-features=AutomationControlled" "--ignore-certificate-errors" "ignore-ssl-errors" "--remote-debugging-port" "57783" "--remote-allow-hosts" "localhost" "-no-remote" "-profile" "C:\\Users\\sinxdell\\AppData\\Local\\Temp\\rust_mozprofileXAtstc"
1660290718823	Marionette	INFO	Marionette enabled
1660290718827	Marionette	INFO	Listening on port 57792
WebDriver BiDi listening on ws://localhost:57783
Read port: 57792
1660290719617	RemoteAgent	WARN	TLS certificate errors will be ignored for this session
console.warn: SearchSettings: "get: No settings file exists, new profile?" (new NotFoundError("Could not open the file at C:\\Users\\sinxdell\\AppData\\Local\\Temp\\rust_mozprofileXAtstc\\search.json.mozlz4", (void 0)))
DevTools listening on ws://localhost:57783/devtools/browser/1205fe1d-2d32-44b1-8740-dc3deb22502c
JavaScript error: resource://gre/modules/URIFixup.jsm, line 278: NS_ERROR_FAILURE: Should pass a non-null uri
console.warn: LoginRecipes: "getRecipes: falling back to a synchronous message for:" "https://www.jscache.com"
console.warn: LoginRecipes: "getRecipes: falling back to a synchronous message for:" "https://www.jscache.com"
console.warn: LoginRecipes: "getRecipes: falling back to a synchronous message for:" "https://www.jscache.com"
JavaScript error: https://eus.rubiconproject.com/usync.js, line 4: SecurityError: The operation is insecure.
JavaScript error: https://0a9176a78e46ea6e9ddf20ff0e7a9ec2.safeframe.googlesyndication.com/safeframe/1-0-38/html/container.html, line 30: SyntaxError: "" string literal contains an unescaped line break
console.warn: LoginRecipes: "getRecipes: falling back to a synchronous message for:" "https://tr.snapchat.com"
JavaScript warning: https://pagead2.googlesyndication.com/bg/dJtiYfEJEI0hyw5wQ_g_8NlKRsHdja2JZeZ5T9NF0jg.js line 2 > eval line 1103 > eval line 1 > eval line 1 > eval, line 1: WEBGL_debug_renderer_info is deprecated in Firefox and will be removed. Please use RENDERER.
console.warn: LoginRecipes: "getRecipes: falling back to a synchronous message for:" "https://www.jscache.com"
JavaScript error: https://eus.rubiconproject.com/usync.js, line 4: SecurityError: The operation is insecure.
console.warn: LoginRecipes: "getRecipes: falling back to a synchronous message for:" "https://www.jscache.com"
console.warn: LoginRecipes: "getRecipes: falling back to a synchronous message for:" "https://www.jscache.com"
console.warn: LoginRecipes: "getRecipes: falling back to a synchronous message for:" "https://www.jscache.com"
console.warn: LoginRecipes: "getRecipes: falling back to a synchronous message for:" "https://tr.snapchat.com"
JavaScript warning: https://pagead2.googlesyndication.com/bg/dJtiYfEJEI0hyw5wQ_g_8NlKRsHdja2JZeZ5T9NF0jg.js line 2 > eval line 7773 > eval line 1 > eval line 1 > eval, line 1: WEBGL_debug_renderer_info is deprecated in Firefox and will be removed. Please use RENDERER.
console.warn: LoginRecipes: "getRecipes: falling back to a synchronous message for:" "https://www.jscache.com"
JavaScript error: https://eus.rubiconproject.com/usync.js, line 4: SecurityError: The operation is insecure.
JavaScript warning: https://pagead2.googlesyndication.com/bg/dJtiYfEJEI0hyw5wQ_g_8NlKRsHdja2JZeZ5T9NF0jg.js line 2 > eval line 981 > eval line 1 > eval line 1 > eval, line 1: WEBGL_debug_renderer_info is deprecated in Firefox and will be removed. Please use RENDERER.
console.warn: LoginRecipes: "getRecipes: falling back to a synchronous message for:" "https://www.jscache.com"
console.warn: LoginRecipes: "getRecipes: falling back to a synchronous message for:" "https://www.jscache.com"
console.warn: LoginRecipes: "getRecipes: falling back to a synchronous message for:" "https://www.jscache.com"
console.warn: LoginRecipes: "getRecipes: falling back to a synchronous message for:" "https://tr.snapchat.com"
console.warn: LoginRecipes: "getRecipes: falling back to a synchronous message for:" "https://www.jscache.com"
JavaScript error: , line 0: TypeError: NetworkError when attempting to fetch resource.
JavaScript error: , line 0: TypeError: NetworkError when attempting to fetch resource.
1660293060045	geckodriver	INFO	Listening on 127.0.0.1:57426
1660293063149	mozrunner::runner	INFO	Running command: "C:\\Program Files\\Mozilla Firefox\\firefox.exe" "--marionette" "--disable-blink-features=AutomationControlled" "--ignore-certificate-errors" "ignore-ssl-errors" "--remote-debugging-port" "57427" "--remote-allow-hosts" "localhost" "-no-remote" "-profile" "C:\\Users\\sinxdell\\AppData\\Local\\Temp\\rust_mozprofileEY6Pml"
1660293069432	Marionette	INFO	Marionette enabled
1660293069444	Marionette	INFO	Listening on port 57436
WebDriver BiDi listening on ws://localhost:57427
Read port: 57436
1660293070456	RemoteAgent	WARN	TLS certificate errors will be ignored for this session
console.error: Region.jsm: "Error fetching region" (new Error("TIMEOUT", "resource://gre/modules/Region.jsm", 769))
console.error: Region.jsm: "Failed to fetch region" (new Error("TIMEOUT", "resource://gre/modules/Region.jsm", 421))
console.warn: SearchSettings: "get: No settings file exists, new profile?" (new NotFoundError("Could not open the file at C:\\Users\\sinxdell\\AppData\\Local\\Temp\\rust_mozprofileEY6Pml\\search.json.mozlz4", (void 0)))
DevTools listening on ws://localhost:57427/devtools/browser/f8d14b53-20b9-47a8-bc18-560ef9920c10
JavaScript error: resource://gre/modules/URIFixup.jsm, line 278: NS_ERROR_FAILURE: Should pass a non-null uri
1660293133639	geckodriver	INFO	Listening on 127.0.0.1:57476
1660293136748	mozrunner::runner	INFO	Running command: "C:\\Program Files\\Mozilla Firefox\\firefox.exe" "--marionette" "--disable-blink-features=AutomationControlled" "--ignore-certificate-errors" "ignore-ssl-errors" "--remote-debugging-port" "57477" "--remote-allow-hosts" "localhost" "-no-remote" "-profile" "C:\\Users\\sinxdell\\AppData\\Local\\Temp\\rust_mozprofilevETVGG"
1660293138104	Marionette	INFO	Marionette enabled
1660293138108	Marionette	INFO	Listening on port 57486
WebDriver BiDi listening on ws://localhost:57477
Read port: 57486
1660293138746	RemoteAgent	WARN	TLS certificate errors will be ignored for this session
console.warn: SearchSettings: "get: No settings file exists, new profile?" (new NotFoundError("Could not open the file at C:\\Users\\sinxdell\\AppData\\Local\\Temp\\rust_mozprofilevETVGG\\search.json.mozlz4", (void 0)))
DevTools listening on ws://localhost:57477/devtools/browser/31b10b35-8033-43ea-b328-9a6fb778fbe7
JavaScript error: resource://gre/modules/URIFixup.jsm, line 278: NS_ERROR_FAILURE: Should pass a non-null uri
1660298399487	geckodriver	INFO	Listening on 127.0.0.1:57763
1660298402544	mozrunner::runner	INFO	Running command: "C:\\Program Files\\Mozilla Firefox\\firefox.exe" "--marionette" "--disable-blink-features=AutomationControlled" "--ignore-certificate-errors" "ignore-ssl-errors" "--remote-debugging-port" "57764" "--remote-allow-hosts" "localhost" "-no-remote" "-profile" "C:\\Users\\sinxdell\\AppData\\Local\\Temp\\rust_mozprofileZ5Ax6Z"
1660298431139	geckodriver	INFO	Listening on 127.0.0.1:57773
1660298434558	mozrunner::runner	INFO	Running command: "C:\\Program Files\\Mozilla Firefox\\firefox.exe" "--marionette" "--disable-blink-features=AutomationControlled" "--ignore-certificate-errors" "ignore-ssl-errors" "--remote-debugging-port" "57774" "--remote-allow-hosts" "localhost" "-no-remote" "-profile" "C:\\Users\\sinxdell\\AppData\\Local\\Temp\\rust_mozprofileZFk1gx"
1660298437338	Marionette	INFO	Marionette enabled
1660298437345	Marionette	INFO	Listening on port 57789
WebDriver BiDi listening on ws://localhost:57774
Read port: 57789
1660298440077	RemoteAgent	WARN	TLS certificate errors will be ignored for this session
console.error: Region.jsm: "Error fetching region" (new Error("TIMEOUT", "resource://gre/modules/Region.jsm", 769))
console.error: Region.jsm: "Failed to fetch region" (new Error("TIMEOUT", "resource://gre/modules/Region.jsm", 421))
console.warn: SearchSettings: "get: No settings file exists, new profile?" (new NotFoundError("Could not open the file at C:\\Users\\sinxdell\\AppData\\Local\\Temp\\rust_mozprofileZFk1gx\\search.json.mozlz4", (void 0)))
DevTools listening on ws://localhost:57774/devtools/browser/500520e5-48fb-4f6b-ba1f-872f38ab4e54
JavaScript error: resource://gre/modules/URIFixup.jsm, line 278: NS_ERROR_FAILURE: Should pass a non-null uri
JavaScript warning: https://pagead2.googlesyndication.com/bg/dJtiYfEJEI0hyw5wQ_g_8NlKRsHdja2JZeZ5T9NF0jg.js line 2 > eval line 6352 > eval line 1 > eval line 1 > eval, line 1: WEBGL_debug_renderer_info is deprecated in Firefox and will be removed. Please use RENDERER.
console.warn: LoginRecipes: "getRecipes: falling back to a synchronous message for:" "https://www.jscache.com"
console.warn: LoginRecipes: "getRecipes: falling back to a synchronous message for:" "https://www.jscache.com"
console.warn: LoginRecipes: "getRecipes: falling back to a synchronous message for:" "https://www.jscache.com"
JavaScript error: https://eus.rubiconproject.com/usync.js, line 4: SecurityError: The operation is insecure.
1660298609841	Marionette	WARN	Ignoring event 'pageshow' because document has an invalid readyState of 'uninitialized'.
console.warn: LoginRecipes: "getRecipes: falling back to a synchronous message for:" "https://tr.snapchat.com"
console.warn: LoginRecipes: "getRecipes: falling back to a synchronous message for:" "https://www.jscache.com"
1660298947385	addons.xpi	ERROR	System addon update list error Error: Failed downloading XML, status: 0, reason: error
1660299413058	Marionette	INFO	Stopped listening on port 57789
JavaScript error: , line 0: TypeError: NetworkError when attempting to fetch resource.
JavaScript error: , line 0: TypeError: NetworkError when attempting to fetch resource.
console.warn: TopSitesFeed: Failed to fetch data from Contile server: NetworkError when attempting to fetch resource.
1660299420013	geckodriver	INFO	Listening on 127.0.0.1:52624
1660299423182	mozrunner::runner	INFO	Running command: "C:\\Program Files\\Mozilla Firefox\\firefox.exe" "--marionette" "--disable-blink-features=AutomationControlled" "--ignore-certificate-errors" "ignore-ssl-errors" "--remote-debugging-port" "52625" "--remote-allow-hosts" "localhost" "-no-remote" "-profile" "C:\\Users\\sinxdell\\AppData\\Local\\Temp\\rust_mozprofilevH8kRO"
1660299424887	Marionette	INFO	Marionette enabled
1660299424892	Marionette	INFO	Listening on port 52635
WebDriver BiDi listening on ws://localhost:52625
Read port: 52635
1660299425501	RemoteAgent	WARN	TLS certificate errors will be ignored for this session
console.warn: SearchSettings: "get: No settings file exists, new profile?" (new NotFoundError("Could not open the file at C:\\Users\\sinxdell\\AppData\\Local\\Temp\\rust_mozprofilevH8kRO\\search.json.mozlz4", (void 0)))
DevTools listening on ws://localhost:52625/devtools/browser/797622b8-2ff2-4bee-b611-571a5967ef23
JavaScript error: resource://gre/modules/URIFixup.jsm, line 278: NS_ERROR_FAILURE: Should pass a non-null uri
JavaScript error: , line 0: uncaught exception: Object
JavaScript error: , line 0: uncaught exception: Object
1660299553049	Marionette	WARN	Ignoring event 'DOMContentLoaded' because document has an invalid readyState of 'complete'.
JavaScript error: https://e354dc9f016f2b4518431cc459455d54.safeframe.googlesyndication.com/safeframe/1-0-38/html/container.html, line 30: SyntaxError: "" string literal contains an unescaped line break
console.warn: LoginRecipes: "getRecipes: falling back to a synchronous message for:" "https://www.jscache.com"
console.warn: LoginRecipes: "getRecipes: falling back to a synchronous message for:" "https://www.jscache.com"
console.warn: LoginRecipes: "getRecipes: falling back to a synchronous message for:" "https://www.jscache.com"
JavaScript error: https://eus.rubiconproject.com/usync.js, line 4: SecurityError: The operation is insecure.
console.warn: LoginRecipes: "getRecipes: falling back to a synchronous message for:" "https://tr.snapchat.com"
1660299619028	Marionette	WARN	Ignoring event 'pageshow' because document has an invalid readyState of 'uninitialized'.
1660299620722	Marionette	WARN	Ignoring event 'pageshow' because document has an invalid readyState of 'uninitialized'.
JavaScript warning: https://pagead2.googlesyndication.com/bg/dJtiYfEJEI0hyw5wQ_g_8NlKRsHdja2JZeZ5T9NF0jg.js line 2 > eval line 2042 > eval line 1 > eval line 1 > eval, line 1: WEBGL_debug_renderer_info is deprecated in Firefox and will be removed. Please use RENDERER.
console.warn: LoginRecipes: "getRecipes: falling back to a synchronous message for:" "https://www.jscache.com"
JavaScript error: https://eus.rubiconproject.com/usync.js, line 4: SecurityError: The operation is insecure.
1660299724187	Marionette	WARN	Ignoring event 'pageshow' because document has an invalid readyState of 'uninitialized'.
JavaScript warning: https://pagead2.googlesyndication.com/bg/dJtiYfEJEI0hyw5wQ_g_8NlKRsHdja2JZeZ5T9NF0jg.js line 2 > eval line 7577 > eval line 1 > eval line 1 > eval, line 1: WEBGL_debug_renderer_info is deprecated in Firefox and will be removed. Please use RENDERER.
JavaScript error: , line 0: TypeError: NetworkError when attempting to fetch resource.
JavaScript error: https://5f357a37195935366341bc49283116d8.safeframe.googlesyndication.com/safeframe/1-0-38/html/container.html, line 30: SyntaxError: "" string literal contains an unescaped line break
JavaScript warning: https://pagead2.googlesyndication.com/bg/dJtiYfEJEI0hyw5wQ_g_8NlKRsHdja2JZeZ5T9NF0jg.js line 2 > eval line 4900 > eval line 1 > eval line 1 > eval, line 1: WEBGL_debug_renderer_info is deprecated in Firefox and will be removed. Please use RENDERER.
console.warn: LoginRecipes: "getRecipes: falling back to a synchronous message for:" "https://www.jscache.com"
console.warn: LoginRecipes: "getRecipes: falling back to a synchronous message for:" "https://www.jscache.com"
console.warn: LoginRecipes: "getRecipes: falling back to a synchronous message for:" "https://www.jscache.com"
console.warn: LoginRecipes: "getRecipes: falling back to a synchronous message for:" "https://tr.snapchat.com"
JavaScript error: https://eus.rubiconproject.com/usync.js, line 4: SecurityError: The operation is insecure.
console.warn: LoginRecipes: "getRecipes: falling back to a synchronous message for:" "https://www.jscache.com"
JavaScript error: https://eus.rubiconproject.com/usync.js, line 4: SecurityError: The operation is insecure.
JavaScript warning: https://pagead2.googlesyndication.com/bg/dJtiYfEJEI0hyw5wQ_g_8NlKRsHdja2JZeZ5T9NF0jg.js line 2 > eval line 3953 > eval line 1 > eval line 1 > eval, line 1: WEBGL_debug_renderer_info is deprecated in Firefox and will be removed. Please use RENDERER.
console.warn: LoginRecipes: "getRecipes: falling back to a synchronous message for:" "https://www.jscache.com"
console.warn: LoginRecipes: "getRecipes: falling back to a synchronous message for:" "https://www.jscache.com"
console.warn: LoginRecipes: "getRecipes: falling back to a synchronous message for:" "https://www.jscache.com"
console.warn: LoginRecipes: "getRecipes: falling back to a synchronous message for:" "https://tr.snapchat.com"
console.warn: LoginRecipes: "getRecipes: falling back to a synchronous message for:" "https://www.jscache.com"
JavaScript error: , line 0: TypeError: NetworkError when attempting to fetch resource.
JavaScript warning: https://pagead2.googlesyndication.com/bg/dJtiYfEJEI0hyw5wQ_g_8NlKRsHdja2JZeZ5T9NF0jg.js line 2 > eval line 2550 > eval line 1 > eval line 1 > eval, line 1: WEBGL_debug_renderer_info is deprecated in Firefox and will be removed. Please use RENDERER.
JavaScript error: https://eus.rubiconproject.com/usync.js, line 4: SecurityError: The operation is insecure.
console.warn: LoginRecipes: "getRecipes: falling back to a synchronous message for:" "https://www.jscache.com"
console.warn: LoginRecipes: "getRecipes: falling back to a synchronous message for:" "https://www.jscache.com"
console.warn: LoginRecipes: "getRecipes: falling back to a synchronous message for:" "https://www.jscache.com"
console.warn: LoginRecipes: "getRecipes: falling back to a synchronous message for:" "https://tr.snapchat.com"
console.warn: LoginRecipes: "getRecipes: falling back to a synchronous message for:" "https://www.jscache.com"
JavaScript error: https://96efc47b23b055c31dc31a51f2faa6de.safeframe.googlesyndication.com/safeframe/1-0-38/html/container.html, line 30: SyntaxError: "" string literal contains an unescaped line break
JavaScript warning: https://pagead2.googlesyndication.com/bg/dJtiYfEJEI0hyw5wQ_g_8NlKRsHdja2JZeZ5T9NF0jg.js line 2 > eval line 7202 > eval line 1 > eval line 1 > eval, line 1: WEBGL_debug_renderer_info is deprecated in Firefox and will be removed. Please use RENDERER.
1660299862937	Marionette	WARN	Ignoring event 'pageshow' because document has an invalid readyState of 'uninitialized'.
JavaScript error: https://eus.rubiconproject.com/usync.js, line 4: SecurityError: The operation is insecure.
JavaScript error: , line 0: TypeError: NetworkError when attempting to fetch resource.
1660299889178	Marionette	WARN	Ignoring event 'pageshow' because document has an invalid readyState of 'uninitialized'.
JavaScript error: , line 0: TypeError: NetworkError when attempting to fetch resource.
JavaScript error: https://eus.rubiconproject.com/usync.js, line 4: SecurityError: The operation is insecure.
JavaScript error: https://a02594941e437b0091c124cbf804cc1b.safeframe.googlesyndication.com/safeframe/1-0-38/html/container.html, line 30: SyntaxError: "" string literal contains an unescaped line break
console.warn: LoginRecipes: "getRecipes: falling back to a synchronous message for:" "https://www.jscache.com"
console.warn: LoginRecipes: "getRecipes: falling back to a synchronous message for:" "https://www.jscache.com"
console.warn: LoginRecipes: "getRecipes: falling back to a synchronous message for:" "https://www.jscache.com"
console.warn: LoginRecipes: "getRecipes: falling back to a synchronous message for:" "https://tr.snapchat.com"
console.warn: LoginRecipes: "getRecipes: falling back to a synchronous message for:" "https://www.jscache.com"
JavaScript warning: https://pagead2.googlesyndication.com/bg/dJtiYfEJEI0hyw5wQ_g_8NlKRsHdja2JZeZ5T9NF0jg.js line 2 > eval line 6763 > eval line 1 > eval line 1 > eval, line 1: WEBGL_debug_renderer_info is deprecated in Firefox and will be removed. Please use RENDERER.
JavaScript error: https://eus.rubiconproject.com/usync.js, line 4: SecurityError: The operation is insecure.
JavaScript warning: https://pagead2.googlesyndication.com/bg/dJtiYfEJEI0hyw5wQ_g_8NlKRsHdja2JZeZ5T9NF0jg.js line 2 > eval line 262 > eval line 1 > eval line 1 > eval, line 1: WEBGL_debug_renderer_info is deprecated in Firefox and will be removed. Please use RENDERER.
JavaScript warning: https://z.moatads.com/8560oskadcm206942881657/moatad.js#moatClientLevel1=27929419&moatClientLevel2=2319497&moatClientLevel3=338162921&moatClientLevel4=172798373&zMoatG=ct=LK&st=&city=0&dma=0&zp=&bw=3&zMoatADV=4247928, line 236: WEBGL_debug_renderer_info is deprecated in Firefox and will be removed. Please use RENDERER.
1660300005655	Marionette	INFO	Stopped listening on port 52635
JavaScript error: , line 0: TypeError: NetworkError when attempting to fetch resource.
console.warn: TopSitesFeed: Failed to fetch data from Contile server: NetworkError when attempting to fetch resource.
